<?xml version="1.0" encoding="UTF-8"?>
<!-- Generated by org.testng.reporters.JUnitReportReporter -->
<testsuite hostname="PSDLAP373" failures="0" tests="1" name="MagicWorkShopJenkins.MagicWorkShopJenkins.AppTest" time="12.374" errors="0" timestamp="2025-02-13T13:33:56 IST" skipped="0">
  <testcase classname="MagicWorkShopJenkins.MagicWorkShopJenkins.AppTest" name="contactUsFormSubmission" time="12.374"/>
</testsuite> <!-- MagicWorkShopJenkins.MagicWorkShopJenkins.AppTest -->
