<?xml version="1.0" encoding="UTF-8"?>
<!-- Generated by org.testng.reporters.JUnitReportReporter -->
<testsuite hostname="PSDLAP373" failures="0" tests="11" name="MagicWorkShopJenkins.MagicWorkShopJenkins.AppTest" time="109.215" errors="0" timestamp="2025-02-20T14:08:09 IST" skipped="0">
  <testcase classname="MagicWorkShopJenkins.MagicWorkShopJenkins.AppTest" name="contactUsButton" time="8.892"/>
  <testcase classname="MagicWorkShopJenkins.MagicWorkShopJenkins.AppTest" name="contactUsFormSubmission" time="12.063"/>
  <testcase classname="MagicWorkShopJenkins.MagicWorkShopJenkins.AppTest" name="projectEnggButtonFunctionality" time="8.700"/>
  <testcase classname="MagicWorkShopJenkins.MagicWorkShopJenkins.AppTest" name="coInventionButtonFunctionality" time="8.785"/>
  <testcase classname="MagicWorkShopJenkins.MagicWorkShopJenkins.AppTest" name="magicDriverVideo_07" time="9.814"/>
  <testcase classname="MagicWorkShopJenkins.MagicWorkShopJenkins.AppTest" name="magicEdxVideo_08" time="12.152"/>
  <testcase classname="MagicWorkShopJenkins.MagicWorkShopJenkins.AppTest" name="magicHealthVideo_10" time="9.515"/>
  <testcase classname="MagicWorkShopJenkins.MagicWorkShopJenkins.AppTest" name="magicAiVideo_11" time="10.035"/>
  <testcase classname="MagicWorkShopJenkins.MagicWorkShopJenkins.AppTest" name="navigateToMagicHealthWebsite_12" time="9.825"/>
  <testcase classname="MagicWorkShopJenkins.MagicWorkShopJenkins.AppTest" name="navigateToMagicAiWebsite_13" time="9.621"/>
  <testcase classname="MagicWorkShopJenkins.MagicWorkShopJenkins.AppTest" name="magicGovernVideo_15" time="9.813"/>
</testsuite> <!-- MagicWorkShopJenkins.MagicWorkShopJenkins.AppTest -->
