<?xml version="1.0" encoding="UTF-8"?>
<!-- Generated by org.testng.reporters.JUnitReportReporter -->
<testsuite hostname="PSDLAP373" failures="0" tests="2" name="MagicWorkShopJenkins.MagicWorkShopJenkins.AppTest" time="27.638" errors="0" timestamp="2025-02-13T14:14:47 IST" skipped="0">
  <testcase classname="MagicWorkShopJenkins.MagicWorkShopJenkins.AppTest" name="contactUsButton" time="14.765"/>
  <testcase classname="MagicWorkShopJenkins.MagicWorkShopJenkins.AppTest" name="contactUsFormSubmission" time="12.873"/>
</testsuite> <!-- MagicWorkShopJenkins.MagicWorkShopJenkins.AppTest -->
