<?xml version="1.0" encoding="UTF-8"?>
<!-- Generated by org.testng.reporters.JUnitReportReporter -->
<testsuite hostname="PSDLAP373" failures="0" tests="2" name="MagicWorkShopJenkins.MagicWorkShopJenkins.AppTest" time="22.743" errors="0" timestamp="2025-02-13T16:06:44 IST" skipped="0">
  <testcase classname="MagicWorkShopJenkins.MagicWorkShopJenkins.AppTest" name="contactUsButton" time="10.466"/>
  <testcase classname="MagicWorkShopJenkins.MagicWorkShopJenkins.AppTest" name="contactUsFormSubmission" time="12.277"/>
</testsuite> <!-- MagicWorkShopJenkins.MagicWorkShopJenkins.AppTest -->
